
                                      ARENA Simulation Results
                           espinozaagustin42@gmail.com - License: STUDENT

                                  Summary for Replication 1 of 1

Project: Electronic Assembly and Test                                Run execution date : 3/20/2023
Analyst: Mr. Munchkin                                                Model revision date: 3/20/2023

Replication ended at time      : 1920.0 Minutes 
Base Time Units: Minutes

                                           TALLY VARIABLES

Identifier                                  Average   Half Width  Minimum    Maximum   Observations
___________________________________________________________________________________________________

Sealer Process.TotalTimePerEntity           54.242     (Corr)     1.8602     96.166        690    
Rework Process.WaitTimePerEntity                --         --         --         --          0
Sealer Process.WaitTimePerEntity            51.477     (Corr)     .00000     93.435        690    
Record Scrapped Parts                           --         --         --         --          0
Rework Process.TotalTimePerEntity               --         --         --         --          0
Rework Process.VATimePerEntity                  --         --         --         --          0
Prep C Process.VATimePerEntity              2.8598     (Insuf)    1.5070     4.4931         83    
Prep B Process.VATimePerEntity              5.9163     (Insuf)    3.2892     9.0611        248    
Prep A Process.VATimePerEntity              4.2959     (Corr)     1.2411     7.8062        369    
Prep C Process.WaitTimePerEntity            .34619     (Insuf)    .00000     5.2080         83    
Prep B Process.WaitTimePerEntity            25.754     (Insuf)    .00000     71.875        248    
Prep A Process.WaitTimePerEntity            8.0313     2.5143     .00000     41.456        369    
Sealer Process.VATimePerEntity              2.7643     .06701     1.0838     5.9898        690    
Prep C Process.TotalTimePerEntity           3.2060     (Insuf)    1.5070     8.8828         83    
Prep B Process.TotalTimePerEntity           31.670     (Insuf)    3.6733     76.905        248    
Prep A Process.TotalTimePerEntity           12.327     2.5528     1.5124     46.768        369    
Record Salvaged Parts                           --         --         --         --          0
Record Shipped Parts                        71.949     (Corr)     5.6528     154.12        623    
Part B.VATime                               8.2680     (Insuf)    5.1261     11.916        222    
Part B.NVATime                              .00000     (Insuf)    .00000     .00000        222    
Part B.WaitTime                             76.570     (Insuf)    4.7598     147.27        222    
Part B.TranTime                             .00000     (Insuf)    .00000     .00000        222    
Part B.OtherTime                            .00000     (Insuf)    .00000     .00000        222    
Part B.TotalTime                            84.838     (Insuf)    10.819     154.12        222    
Part C.VATime                               7.5318     (Insuf)    5.0256     10.162         77    
Part C.NVATime                              .00000     (Insuf)    .00000     .00000         77    
Part C.WaitTime                             51.569     (Insuf)    1.7372     91.861         77    
Part C.TranTime                             .00000     (Insuf)    .00000     .00000         77    
Part C.OtherTime                            .00000     (Insuf)    .00000     .00000         77    
Part C.TotalTime                            59.101     (Insuf)    9.0930     97.108         77    
Part A.VATime                               6.9115     (Corr)     2.4071     10.856        324    
Part A.NVATime                              .00000     .00000     .00000     .00000        324    
Part A.WaitTime                             59.260     (Corr)     .00000     108.12        324    
Part A.TranTime                             .00000     .00000     .00000     .00000        324    
Part A.OtherTime                            .00000     .00000     .00000     .00000        324    
Part A.TotalTime                            66.171     (Corr)     5.6528     115.49        324    
Sealer Process.Queue.WaitingTime            51.462     (Corr)     .00000     93.435        691    
Prep C Process.Queue.WaitingTime            .34619     (Insuf)    .00000     5.2080         83    
Prep B Process.Queue.WaitingTime            25.754     (Insuf)    .00000     71.875        248    
Prep A Process.Queue.WaitingTime            8.1087     2.5143     .00000     41.456        370    
Rework Process.Queue.WaitingTime                --         --         --         --          0

                                     DISCRETE-CHANGE VARIABLES

Identifier                                  Average   Half Width  Minimum    Maximum   Final Value
___________________________________________________________________________________________________

Part B.WIP                                  22.367     (Insuf)    .00000     38.000     26.000    
Part C.WIP                                  4.7329     (Insuf)    .00000     12.000     6.0000    
Part A.WIP                                  32.516     (Corr)     .00000     56.000     53.000    
Prep A.NumberBusy                           .82639     (Insuf)    .00000     1.0000     1.0000    
Prep A.NumberScheduled                      1.0000     (Insuf)    1.0000     1.0000     1.0000    
Prep A.Utilization                          .82639     (Insuf)    .00000     1.0000     1.0000    
Prep B.NumberBusy                           .76419     (Insuf)    .00000     1.0000     .00000    
Prep B.NumberScheduled                      1.0000     (Insuf)    1.0000     1.0000     1.0000    
Prep B.Utilization                          .76419     (Insuf)    .00000     1.0000     .00000    
Prep C.NumberBusy                           .12363     (Insuf)    .00000     1.0000     .00000    
Prep C.NumberScheduled                      1.0000     (Insuf)    1.0000     1.0000     1.0000    
Prep C.Utilization                          .12363     (Insuf)    .00000     1.0000     .00000    
Rework.NumberBusy                           .00000     (Insuf)    .00000     .00000     .00000    
Rework.NumberScheduled                      1.0000     (Insuf)    1.0000     1.0000     1.0000    
Rework.Utilization                          .00000     (Insuf)    .00000     .00000     .00000    
Sealer.NumberBusy                           .99505     (Insuf)    .00000     1.0000     1.0000    
Sealer.NumberScheduled                      1.0000     (Insuf)    1.0000     1.0000     1.0000    
Sealer.Utilization                          .99505     (Insuf)    .00000     1.0000     1.0000    
Sealer Process.Queue.NumberInQueue          18.622     (Corr)     .00000     32.000     9.0000    
Prep C Process.Queue.NumberInQueue          .01497     (Insuf)    .00000     2.0000     .00000    
Prep B Process.Queue.NumberInQueue          3.3265     (Insuf)    .00000     14.000     .00000    
Prep A Process.Queue.NumberInQueue          1.6270     .59710     .00000     9.0000     7.0000    
Rework Process.Queue.NumberInQueue          33.315     (Insuf)    .00000     67.000     67.000    

                                             OUTPUTS

Identifier                                   Value
_____________________________________________________________

Sealer Process Number In                    700.00    
Sealer Process Number Out                   690.00    
Rework Process Accum Wait Time              .00000    
Sealer Process Accum Wait Time              35519.    
Rework Process Number In                    67.000    
Rework Process Number Out                   .00000    
Rework Process Accum VA Time                .00000    
Sealer Process Accum VA Time                1907.3    
Prep C Process Accum Wait Time              28.733    
Prep B Process Accum Wait Time              6387.0    
Prep A Process Accum Wait Time              2963.5    
Prep C Process Number In                    83.000    
Prep B Process Number In                    248.00    
Prep A Process Number In                    377.00    
Prep C Process Number Out                   83.000    
Prep B Process Number Out                   248.00    
Prep A Process Number Out                   369.00    
Prep C Process Accum VA Time                237.36    
Prep B Process Accum VA Time                1467.2    
Prep A Process Accum VA Time                1585.2    
Part B.NumberIn                             248.00    
Part B.NumberOut                            222.00    
Part C.NumberIn                             83.000    
Part C.NumberOut                            77.000    
Part A.NumberIn                             377.00    
Part A.NumberOut                            324.00    
Prep A.NumberSeized                         370.00    
Prep A.ScheduledUtilization                 .82639    
Prep B.NumberSeized                         248.00    
Prep B.ScheduledUtilization                 .76419    
Prep C.NumberSeized                         83.000    
Prep C.ScheduledUtilization                 .12363    
Rework.NumberSeized                         .00000    
Rework.ScheduledUtilization                 .00000    
Sealer.NumberSeized                         691.00    
Sealer.ScheduledUtilization                 .99505    
System.NumberOut                            623.00    


Simulation run time: 0.00 minutes.
Simulation run complete.
